[1/14] [34mBuilding[39m [2msrc/runtime/bucklescript/jest.mlast[22m
[2/14] [34mBuilding[39m [2msrc/runtime/bucklescript/runtime.mlast[22m
[3/14] [34mBuilding[39m [2msrc/runtime/bucklescript/runtime.mliast[22m
[4/14] [34mBuilding[39m [2msrc/common/bisect_common.mlast[22m
[5/14] [34mBuilding[39m [2msrc/common/bisect_common.mliast[22m
[6/14] [34mBuilding[39m [2mBisect.cmi[22m
[7/14] [34mBuilding[39m [2msrc/runtime/bucklescript/jest.d[22m
[8/14] [34mBuilding[39m [2msrc/runtime/bucklescript/runtime.d[22m
[9/14] [34mBuilding[39m [2msrc/common/bisect_common.d[22m
[10/14] [34mBuilding[39m [2msrc/runtime/bucklescript/runtime-Bisect.cmi[22m
[11/14] [34mBuilding[39m [2msrc/common/bisect_common-Bisect.cmi[22m
[12/14] [34mBuilding[39m [2msrc/common/bisect_common-Bisect.cmj[22m
[13/14] [34mBuilding[39m [2msrc/runtime/bucklescript/runtime-Bisect.cmj[22m
[14/14] [34mBuilding[39m [2msrc/runtime/bucklescript/jest-Bisect.cmj[22m
[1/81] [34mBuilding[39m [2mbastet_js/src/JsArray.reast[22m
[2/81] [34mBuilding[39m [2mbastet_js/src/Date.reast[22m
[3/81] [34mBuilding[39m [2mbastet_js/src/JsFloat.reast[22m
[4/81] [34mBuilding[39m [2mbastet_js/src/Promise.reast[22m
[5/81] [34mBuilding[39m [2mbastet/src/Bool.reast[22m
[6/81] [34mBuilding[39m [2mbastet/src/Endo.reast[22m
[7/81] [34mBuilding[39m [2mbastet/src/List.reast[22m
[8/81] [34mBuilding[39m [2mbastet/src/Int.reast[22m
[9/81] [34mBuilding[39m [2mbastet_js/src/Dict.reast[22m
[10/81] [34mBuilding[39m [2mbastet/src/Dual.reast[22m
[11/81] [34mBuilding[39m [2mbastet_js/src/JsArray.d[22m
[12/81] [34mBuilding[39m [2mbastet_js/src/Date.d[22m
[13/81] [34mBuilding[39m [2mbastet_js/src/JsFloat.d[22m
[14/81] [34mBuilding[39m [2mbastet_js/src/Promise.d[22m
[15/81] [34mBuilding[39m [2mbastet/src/Bool.d[22m
[16/81] [34mBuilding[39m [2mbastet/src/Endo.d[22m
[17/81] [34mBuilding[39m [2mbastet/src/List.d[22m
[18/81] [34mBuilding[39m [2mbastet/src/Int.d[22m
[19/81] [34mBuilding[39m [2mbastet_js/src/Dict.d[22m
[20/81] [34mBuilding[39m [2mbastet/src/Dual.d[22m
[21/81] [34mBuilding[39m [2mbastet/src/Array.reast[22m
[22/81] [34mBuilding[39m [2mbastet/src/Infix.reast[22m
[23/81] [34mBuilding[39m [2mbastet/src/Float.reast[22m
[24/81] [34mBuilding[39m [2mbastet/src/String.reast[22m
[25/81] [34mBuilding[39m [2mbastet/src/Array.reiast[22m
[26/81] [34mBuilding[39m [2mbastet/src/Tuple.reast[22m
[27/81] [34mBuilding[39m [2mbastet/src/Option.reast[22m
[28/81] [34mBuilding[39m [2mbastet/src/Infix.d[22m
[29/81] [34mBuilding[39m [2mbastet/src/Float.d[22m
[30/81] [34mBuilding[39m [2mbastet/src/String.d[22m
[31/81] [34mBuilding[39m [2mbastet/src/Array.d[22m
[32/81] [34mBuilding[39m [2mbastet/src/ArrayF.reast[22m
[33/81] [34mBuilding[39m [2mbastet/src/Tuple.d[22m
[34/81] [34mBuilding[39m [2mbastet/src/Option.d[22m
[35/81] [34mBuilding[39m [2mbastet/src/Result.reast[22m
[36/81] [34mBuilding[39m [2mbastet/src/ArrayF.d[22m
[37/81] [34mBuilding[39m [2mbastet/src/Result.d[22m
[38/81] [34mBuilding[39m [2mBsBastet.cmi[22m
[39/81] [34mBuilding[39m [2mbastet/src/PPX_Let.reast[22m
[40/81] [34mBuilding[39m [2mbastet/src/Default.reast[22m
[41/81] [34mBuilding[39m [2mbastet/src/Function.reast[22m
[42/81] [34mBuilding[39m [2mbastet/src/PPX_Let.d[22m
[43/81] [34mBuilding[39m [2mbastet/src/Default.d[22m
[44/81] [34mBuilding[39m [2mbastet/src/Function.d[22m
[45/81] [34mBuilding[39m [2mbastet/src/Interface.reast[22m
[46/81] [34mBuilding[39m [2mbastet/src/Functors.reast[22m
[47/81] [34mBuilding[39m [2mbastet/src/Functions.reast[22m
[48/81] [34mBuilding[39m [2mbastet/src/Interface.d[22m
[49/81] [34mBuilding[39m [2mbastet/src/Functors.d[22m
[50/81] [34mBuilding[39m [2mbastet/src/Functions.d[22m
[51/81] [34mBuilding[39m [2mbastet/src/Test.reast[22m
[52/81] [34mBuilding[39m [2mbastet/src/Verify.reast[22m
[53/81] [34mBuilding[39m [2mbastet/src/Interface-BsBastet.cmj[22m
[54/81] [34mBuilding[39m [2mbastet/src/Test.d[22m
[55/81] [34mBuilding[39m [2mbastet/src/Verify.d[22m
[56/81] [34mBuilding[39m [2mbastet_js/src/JsFloat-BsBastet.cmj[22m
[57/81] [34mBuilding[39m [2mbastet/src/Array-BsBastet.cmi[22m
[58/81] [34mBuilding[39m [2mbastet/src/Infix-BsBastet.cmj[22m
[59/81] [34mBuilding[39m [2mbastet_js/src/Date-BsBastet.cmj[22m
[60/81] [34mBuilding[39m [2mbastet/src/Dual-BsBastet.cmj[22m
[61/81] [34mBuilding[39m [2mbastet/src/Function-BsBastet.cmj[22m
[62/81] [34mBuilding[39m [2mbastet/src/Int-BsBastet.cmj[22m
[63/81] [34mBuilding[39m [2mbastet/src/Bool-BsBastet.cmj[22m
[64/81] [34mBuilding[39m [2mbastet/src/Float-BsBastet.cmj[22m
[65/81] [34mBuilding[39m [2mbastet/src/Tuple-BsBastet.cmj[22m
[66/81] [34mBuilding[39m [2mbastet/src/Endo-BsBastet.cmj[22m
[67/81] [34mBuilding[39m [2mbastet_js/src/Promise-BsBastet.cmj[22m
[68/81] [34mBuilding[39m [2mbastet/src/String-BsBastet.cmj[22m
[69/81] [34mBuilding[39m [2mbastet/src/Option-BsBastet.cmj[22m
[70/81] [34mBuilding[39m [2mbastet/src/Default-BsBastet.cmj[22m
[71/81] [34mBuilding[39m [2mbastet/src/Functions-BsBastet.cmj[22m
[72/81] [34mBuilding[39m [2mbastet_js/src/Dict-BsBastet.cmj[22m
[73/81] [34mBuilding[39m [2mbastet/src/Result-BsBastet.cmj[22m
[74/81] [34mBuilding[39m [2mbastet/src/PPX_Let-BsBastet.cmj[22m
[75/81] [34mBuilding[39m [2mbastet/src/Verify-BsBastet.cmj[22m
[76/81] [34mBuilding[39m [2mbastet/src/List-BsBastet.cmj[22m
[77/81] [34mBuilding[39m [2mbastet/src/ArrayF-BsBastet.cmj[22m
[78/81] [34mBuilding[39m [2mbastet/src/Array-BsBastet.cmj[22m
[79/81] [34mBuilding[39m [2mbastet_js/src/JsArray-BsBastet.cmj[22m
[80/81] [34mBuilding[39m [2mbastet/src/Functors-BsBastet.cmj[22m
[81/81] [34mBuilding[39m [2mbastet/src/Test-BsBastet.cmj[22m
[1/5] [34mBuilding[39m [2msrc/jest.mliast[22m
[2/5] [34mBuilding[39m [2msrc/jest.mlast[22m
[3/5] [34mBuilding[39m [2msrc/jest.d[22m
[4/5] [34mBuilding[39m [2msrc/jest.cmi[22m
[5/5] [34mBuilding[39m [2msrc/jest.cmj[22m
[1/456] [34mBuilding[39m [2m__tests__/Relude_RIO_test.reast[22m
[2/456] [34mBuilding[39m [2m__tests__/Relude_Eq_test.reast[22m
[3/456] [34mBuilding[39m [2m__tests__/Relude_Int_test.reast[22m
[4/456] [34mBuilding[39m [2m__tests__/Relude_Ord_test.reast[22m
[5/456] [34mBuilding[39m [2m__tests__/Relude_Map_test.reast[22m
[6/456] [34mBuilding[39m [2m__tests__/Relude_Bool_test.reast[22m
[7/456] [34mBuilding[39m [2m__tests__/Relude_RIO_test.d[22m
[8/456] [34mBuilding[39m [2m__tests__/Relude_Eq_test.d[22m
[9/456] [34mBuilding[39m [2m__tests__/Relude_HMap_test.reast[22m
[10/456] [34mBuilding[39m [2m__tests__/Relude_Int_test.d[22m
[11/456] [34mBuilding[39m [2m__tests__/Relude_Ord_test.d[22m
[12/456] [34mBuilding[39m [2m__tests__/Relude_Map_test.d[22m
[13/456] [34mBuilding[39m [2m__tests__/Relude_Bool_test.d[22m
[14/456] [34mBuilding[39m [2m__tests__/Relude_Ior_test.reast[22m
[15/456] [34mBuilding[39m [2m__tests__/Relude_HMap_test.d[22m
[16/456] [34mBuilding[39m [2m__tests__/Relude_Ior_test.d[22m
[17/456] [34mBuilding[39m [2m__tests__/Relude_Unit_test.reast[22m
[18/456] [34mBuilding[39m [2m__tests__/Relude_ContT_test.reast[22m
[19/456] [34mBuilding[39m [2m__tests__/Relude_Unit_test.d[22m
[20/456] [34mBuilding[39m [2m__tests__/Relude_Timer_test.reast[22m
[21/456] [34mBuilding[39m [2m__tests__/Relude_Tree_test.reast[22m
[22/456] [34mBuilding[39m [2m__tests__/Relude_ContT_test.d[22m
[23/456] [34mBuilding[39m [2m__tests__/Relude_HList_test.reast[22m
[24/456] [34mBuilding[39m [2m__tests__/Relude_Timer_test.d[22m
[25/456] [34mBuilding[39m [2m__tests__/Relude_Tree_test.d[22m
[26/456] [34mBuilding[39m [2m__tests__/Relude_HList_test.d[22m
[27/456] [34mBuilding[39m [2m__tests__/Relude_Tuple_test.reast[22m
[28/456] [34mBuilding[39m [2m__tests__/Relude_Tuple_test.d[22m
[29/456] [34mBuilding[39m [2m__tests__/Relude_Float_test.reast[22m
[30/456] [34mBuilding[39m [2m__tests__/Relude_Float_test.d[22m
[31/456] [34mBuilding[39m [2m__tests__/Relude_StateT_test.reast[22m
[32/456] [34mBuilding[39m [2m__tests__/Relude_Decimal_test.reast[22m
[33/456] [34mBuilding[39m [2m__tests__/Relude_Array_test.reast[22m
[34/456] [34mBuilding[39m [2m__tests__/Relude_Result_test.reast[22m
[35/456] [34mBuilding[39m [2m__tests__/Relude_Option_test.reast[22m
[36/456] [34mBuilding[39m [2m__tests__/Relude_StateT_test.d[22m
[37/456] [34mBuilding[39m [2m__tests__/Relude_Decimal_test.d[22m
[38/456] [34mBuilding[39m [2m__tests__/Relude_Array_test.d[22m
[39/456] [34mBuilding[39m [2m__tests__/Relude_String_test.reast[22m
[40/456] [34mBuilding[39m [2m__tests__/Relude_Result_test.d[22m
[41/456] [34mBuilding[39m [2m__tests__/Relude_Option_test.d[22m
[42/456] [34mBuilding[39m [2m__tests__/Relude_OptionT_test.reast[22m
[43/456] [34mBuilding[39m [2m__tests__/Relude_String_test.d[22m
[44/456] [34mBuilding[39m [2m__tests__/Relude_OptionT_test.d[22m
[45/456] [34mBuilding[39m [2m__tests__/Relude_ReaderT_test.reast[22m
[46/456] [34mBuilding[39m [2m__tests__/Relude_ReaderT_test.d[22m
[47/456] [34mBuilding[39m [2m__tests__/Relude_WriterT_test.reast[22m
[48/456] [34mBuilding[39m [2m__tests__/Relude_ResultT_test.reast[22m
[49/456] [34mBuilding[39m [2m__tests__/Relude_Debounce_test.reast[22m
[50/456] [34mBuilding[39m [2m__tests__/Relude_Identity_test.reast[22m
[51/456] [34mBuilding[39m [2m__tests__/Relude_WriterT_test.d[22m
[52/456] [34mBuilding[39m [2m__tests__/Relude_ResultT_test.d[22m
[53/456] [34mBuilding[39m [2m__tests__/Relude_Debounce_test.d[22m
[54/456] [34mBuilding[39m [2m__tests__/Relude_Throttle_test.reast[22m
[55/456] [34mBuilding[39m [2m__tests__/Relude_Function_test.reast[22m
[56/456] [34mBuilding[39m [2m__tests__/Relude_Identity_test.d[22m
[57/456] [34mBuilding[39m [2m__tests__/Relude_NonEmpty_test.reast[22m
[58/456] [34mBuilding[39m [2m__tests__/Relude_Throttle_test.d[22m
[59/456] [34mBuilding[39m [2m__tests__/Relude_Function_test.d[22m
[60/456] [34mBuilding[39m [2m__tests__/Relude_List_test.reast[22m
[61/456] [34mBuilding[39m [2m__tests__/Relude_NonEmpty_test.d[22m
[62/456] [34mBuilding[39m [2m__tests__/Relude_List_test.d[22m
[63/456] [34mBuilding[39m [2m__tests__/Relude_AsyncData_test.reast[22m
[64/456] [34mBuilding[39m [2m__tests__/Relude_Free_Monad_test.reast[22m
[65/456] [34mBuilding[39m [2m__tests__/Relude_AsyncData_test.d[22m
[66/456] [34mBuilding[39m [2m__tests__/Relude_Free_Monad_test.d[22m
[67/456] [34mBuilding[39m [2m__tests__/Relude_Free_Applicative_test.reast[22m
[68/456] [34mBuilding[39m [2m__tests__/Relude_Validation_test.reast[22m
[69/456] [34mBuilding[39m [2m__tests__/testUtils/FS.reast[22m
[70/456] [34mBuilding[39m [2m__tests__/Relude_Free_Applicative_test.d[22m
[71/456] [34mBuilding[39m [2m__tests__/extensions/Relude_Extensions_Eq_test.reast[22m
[72/456] [34mBuilding[39m [2m__tests__/Relude_Validation_test.d[22m
[73/456] [34mBuilding[39m [2m__tests__/testUtils/FS.d[22m
[74/456] [34mBuilding[39m [2m__tests__/extensions/Relude_Extensions_Eq_test.d[22m
[75/456] [34mBuilding[39m [2m__tests__/extensions/Relude_Extensions_Ord_test.reast[22m
[76/456] [34mBuilding[39m [2m__tests__/extensions/Relude_Extensions_Ord_test.d[22m
[77/456] [34mBuilding[39m [2m__tests__/js/Relude_Js_Exn_test.reast[22m
[78/456] [34mBuilding[39m [2m__tests__/extensions/Relude_Extensions_Enum_test.reast[22m
[79/456] [34mBuilding[39m [2m__tests__/Relude_AsyncResult_test.reast[22m
[80/456] [34mBuilding[39m [2m__tests__/js/Relude_Js_Exn_test.d[22m
[81/456] [34mBuilding[39m [2m__tests__/js/Relude_Js_Promise_test.reast[22m
[82/456] [34mBuilding[39m [2msrc/Relude.reast[22m
[83/456] [34mBuilding[39m [2m__tests__/extensions/Relude_Extensions_Enum_test.d[22m
[84/456] [34mBuilding[39m [2m__tests__/Relude_TreeZipper_test.reast[22m
[85/456] [34mBuilding[39m [2m__tests__/Relude_AsyncResult_test.d[22m
[86/456] [34mBuilding[39m [2m__tests__/js/Relude_Js_Promise_test.d[22m
[87/456] [34mBuilding[39m [2m__tests__/Relude_ListZipper_test.reast[22m
[88/456] [34mBuilding[39m [2msrc/Relude.d[22m
[89/456] [34mBuilding[39m [2m__tests__/Relude_TreeZipper_test.d[22m
[90/456] [34mBuilding[39m [2m__tests__/Relude_ListZipper_test.d[22m
[91/456] [34mBuilding[39m [2msrc/Relude_Eq.reast[22m
[92/456] [34mBuilding[39m [2m__tests__/js/Relude_Js_Json_test.reast[22m
[93/456] [34mBuilding[39m [2msrc/Relude_Eq.d[22m
[94/456] [34mBuilding[39m [2m__tests__/js/Relude_Js_Json_test.d[22m
[95/456] [34mBuilding[39m [2msrc/Relude_Int.reast[22m
[96/456] [34mBuilding[39m [2msrc/Relude_Ior.reast[22m
[97/456] [34mBuilding[39m [2msrc/Relude_RIO.reast[22m
[98/456] [34mBuilding[39m [2msrc/Relude_Ord.reast[22m
[99/456] [34mBuilding[39m [2msrc/Relude_Eq.cmj[22m
[100/456] [34mBuilding[39m [2msrc/Relude_Int.d[22m
[101/456] [34mBuilding[39m [2msrc/Relude_Ior.d[22m
[102/456] [34mBuilding[39m [2msrc/Relude_RIO.d[22m
[103/456] [34mBuilding[39m [2msrc/Relude_Ord.d[22m
[104/456] [34mBuilding[39m [2msrc/Relude_Map.reast[22m
[105/456] [34mBuilding[39m [2msrc/Relude_Set.reast[22m
[106/456] [34mBuilding[39m [2msrc/Relude_Map.d[22m
[107/456] [34mBuilding[39m [2msrc/Relude_Set.d[22m
[108/456] [34mBuilding[39m [2msrc/Relude_Bool.reast[22m
[109/456] [34mBuilding[39m [2msrc/Relude_Bool.d[22m
[110/456] [34mBuilding[39m [2msrc/Relude_Free.reast[22m
[111/456] [34mBuilding[39m [2msrc/Relude_List.reast[22m
[112/456] [34mBuilding[39m [2msrc/Relude_HMap.reast[22m
[113/456] [34mBuilding[39m [2msrc/Relude_Free.d[22m
[114/456] [34mBuilding[39m [2msrc/Relude_Unit.reast[22m
[115/456] [34mBuilding[39m [2msrc/Relude_List.d[22m
[116/456] [34mBuilding[39m [2msrc/Relude_HMap.d[22m
[117/456] [34mBuilding[39m [2msrc/Relude_RWST.reast[22m
[118/456] [34mBuilding[39m [2msrc/Relude_Tree.reast[22m
[119/456] [34mBuilding[39m [2msrc/Relude_Void.reast[22m
[120/456] [34mBuilding[39m [2msrc/Relude_Unit.d[22m
[121/456] [34mBuilding[39m [2msrc/Relude_RWST.d[22m
[122/456] [34mBuilding[39m [2msrc/Relude_Tree.d[22m
[123/456] [34mBuilding[39m [2msrc/Relude_Void.d[22m
[124/456] [34mBuilding[39m [2msrc/Relude_Array.reast[22m
[125/456] [34mBuilding[39m [2msrc/Relude_IO.reast[22m
[126/456] [34mBuilding[39m [2msrc/Relude_Void.cmj[22m
[127/456] [34mBuilding[39m [2msrc/Relude_Array.d[22m
[128/456] [34mBuilding[39m [2msrc/Relude_IO.d[22m
[129/456] [34mBuilding[39m [2msrc/Relude_HMap.cmj[22m
[130/456] [34mBuilding[39m [2msrc/Relude_ContT.reast[22m
[131/456] [34mBuilding[39m [2msrc/Relude_Float.reast[22m
[132/456] [34mBuilding[39m [2msrc/Relude_ContT.d[22m
[133/456] [34mBuilding[39m [2msrc/Relude_Float.d[22m
[134/456] [34mBuilding[39m [2msrc/Relude_Timer.reast[22m
[135/456] [34mBuilding[39m [2msrc/Relude_Tuple.reast[22m
[136/456] [34mBuilding[39m [2msrc/Relude_HList.reast[22m
[137/456] [34mBuilding[39m [2msrc/Relude_Timer.d[22m
[138/456] [34mBuilding[39m [2msrc/Relude_Tuple.d[22m
[139/456] [34mBuilding[39m [2msrc/Relude_HList.d[22m
[140/456] [34mBuilding[39m [2msrc/Relude_Option.reast[22m
[141/456] [34mBuilding[39m [2msrc/Relude_StateT.reast[22m
[142/456] [34mBuilding[39m [2msrc/Relude_Option.d[22m
[143/456] [34mBuilding[39m [2msrc/Relude_String.reast[22m
[144/456] [34mBuilding[39m [2msrc/Relude_Result.reast[22m
[145/456] [34mBuilding[39m [2msrc/Relude_HList.cmj[22m
[146/456] [34mBuilding[39m [2msrc/Relude_StateT.d[22m
[147/456] [34mBuilding[39m [2msrc/Relude_String.d[22m
[148/456] [34mBuilding[39m [2msrc/Relude_Result.d[22m
[149/456] [34mBuilding[39m [2msrc/Relude_Tuple2.reast[22m
[150/456] [34mBuilding[39m [2msrc/Relude_Tuple3.reast[22m
[151/456] [34mBuilding[39m [2msrc/Relude_Tuple2.d[22m
[152/456] [34mBuilding[39m [2msrc/Relude_Tuple4.reast[22m
[153/456] [34mBuilding[39m [2msrc/Relude_Tuple5.reast[22m
[154/456] [34mBuilding[39m [2msrc/Relude_Tuple3.d[22m
[155/456] [34mBuilding[39m [2msrc/Relude_Tuple4.d[22m
[156/456] [34mBuilding[39m [2msrc/Relude_Unsafe.reast[22m
[157/456] [34mBuilding[39m [2msrc/Relude_Tuple5.d[22m
[158/456] [34mBuilding[39m [2msrc/Relude_Unsafe.d[22m
[159/456] [34mBuilding[39m [2msrc/Relude_Decimal.reast[22m
[160/456] [34mBuilding[39m [2msrc/Relude_Globals.reast[22m
[161/456] [34mBuilding[39m [2m__tests__/Relude_IO_test.reast[22m
[162/456] [34mBuilding[39m [2msrc/Relude_OptionT.reast[22m
[163/456] [34mBuilding[39m [2msrc/Relude_ReaderT.reast[22m
[164/456] [34mBuilding[39m [2msrc/Relude_Decimal.d[22m
[165/456] [34mBuilding[39m [2msrc/Relude_Unsafe.cmj[22m
[166/456] [34mBuilding[39m [2msrc/Relude_Globals.d[22m
[167/456] [34mBuilding[39m [2m__tests__/Relude_IO_test.d[22m
[168/456] [34mBuilding[39m [2msrc/Relude_OptionT.d[22m
[169/456] [34mBuilding[39m [2msrc/Relude_ResultT.reast[22m
[170/456] [34mBuilding[39m [2msrc/Relude_ReaderT.d[22m
[171/456] [34mBuilding[39m [2msrc/Relude_ResultT.d[22m
[172/456] [34mBuilding[39m [2msrc/Relude_Debounce.reast[22m
[173/456] [34mBuilding[39m [2msrc/Relude_WriterT.reast[22m
[174/456] [34mBuilding[39m [2msrc/Relude_Debounce.d[22m
[175/456] [34mBuilding[39m [2msrc/Relude_WriterT.d[22m
[176/456] [34mBuilding[39m [2msrc/Relude_Function.reast[22m
[177/456] [34mBuilding[39m [2msrc/Relude_Function.d[22m
[178/456] [34mBuilding[39m [2msrc/Relude_Ordering.reast[22m
[179/456] [34mBuilding[39m [2msrc/Relude_Throttle.reast[22m
[180/456] [34mBuilding[39m [2msrc/Relude_Identity.reast[22m
[181/456] [34mBuilding[39m [2msrc/Relude_Sequence.reast[22m
[182/456] [34mBuilding[39m [2msrc/Relude_Ordering.d[22m
[183/456] [34mBuilding[39m [2msrc/Relude_NonEmpty.reast[22m
[184/456] [34mBuilding[39m [2msrc/Relude_Throttle.d[22m
[185/456] [34mBuilding[39m [2msrc/Relude_Identity.d[22m
[186/456] [34mBuilding[39m [2msrc/Relude_AsyncData.reast[22m
[187/456] [34mBuilding[39m [2msrc/Relude_Interface.reast[22m
[188/456] [34mBuilding[39m [2msrc/Relude_StringMap.reast[22m
[189/456] [34mBuilding[39m [2msrc/Relude_Sequence.d[22m
[190/456] [34mBuilding[39m [2msrc/Relude_NonEmpty.d[22m
[191/456] [34mBuilding[39m [2msrc/Relude_Free_Monad.reast[22m
[192/456] [34mBuilding[39m [2msrc/Relude_AsyncData.d[22m
[193/456] [34mBuilding[39m [2msrc/Relude_Interface.d[22m
[194/456] [34mBuilding[39m [2msrc/Relude_StringMap.d[22m
[195/456] [34mBuilding[39m [2msrc/Relude_ListZipper.reast[22m
[196/456] [34mBuilding[39m [2msrc/Relude_Free_Monad.d[22m
[197/456] [34mBuilding[39m [2msrc/Relude_ListZipper.d[22m
[198/456] [34mBuilding[39m [2msrc/Relude_ArrayZipper.reast[22m
[199/456] [34mBuilding[39m [2msrc/Relude_Validation.reast[22m
[200/456] [34mBuilding[39m [2msrc/Relude_ArrayZipper.d[22m
[201/456] [34mBuilding[39m [2msrc/Relude_TreeZipper.reast[22m
[202/456] [34mBuilding[39m [2msrc/Relude_Free_Applicative.reast[22m
[203/456] [34mBuilding[39m [2msrc/list/Relude_List_Instances.reast[22m
[204/456] [34mBuilding[39m [2msrc/Relude_Validation.d[22m
[205/456] [34mBuilding[39m [2msrc/list/Relude_List_Specializations.reast[22m
[206/456] [34mBuilding[39m [2msrc/Relude_TreeZipper.d[22m
[207/456] [34mBuilding[39m [2msrc/Relude_Free_Applicative.d[22m
[208/456] [34mBuilding[39m [2msrc/list/Relude_List_Instances.d[22m
[209/456] [34mBuilding[39m [2msrc/Relude_AsyncResult.reast[22m
[210/456] [34mBuilding[39m [2msrc/list/Relude_List_Base.reast[22m
[211/456] [34mBuilding[39m [2msrc/extensions/Relude_Extensions.reast[22m
[212/456] [34mBuilding[39m [2msrc/list/Relude_List_Specializations.d[22m
[213/456] [34mBuilding[39m [2msrc/Relude_AsyncResult.d[22m
[214/456] [34mBuilding[39m [2msrc/Relude_SequenceZipper.reast[22m
[215/456] [34mBuilding[39m [2msrc/list/Relude_List_Base.d[22m
[216/456] [34mBuilding[39m [2msrc/extensions/Relude_Extensions.d[22m
[217/456] [34mBuilding[39m [2msrc/Relude_SequenceZipper.d[22m
[218/456] [34mBuilding[39m [2msrc/extensions/Relude_Extensions_Eq.reast[22m
[219/456] [34mBuilding[39m [2msrc/extensions/Relude_Extensions_Alt.reast[22m
[220/456] [34mBuilding[39m [2msrc/extensions/Relude_Extensions_Eq.d[22m
[221/456] [34mBuilding[39m [2msrc/extensions/Relude_Extensions_Enum.reast[22m
[222/456] [34mBuilding[39m [2msrc/extensions/Relude_Extensions_Plus.reast[22m
[223/456] [34mBuilding[39m [2msrc/extensions/Relude_Extensions_Ord.reast[22m
[224/456] [34mBuilding[39m [2msrc/extensions/Relude_Extensions_Ring.reast[22m
[225/456] [34mBuilding[39m [2msrc/extensions/Relude_Extensions_Alt.d[22m
[226/456] [34mBuilding[39m [2msrc/extensions/Relude_Extensions_Enum.d[22m
[227/456] [34mBuilding[39m [2msrc/extensions/Relude_Extensions_Show.reast[22m
[228/456] [34mBuilding[39m [2msrc/extensions/Relude_Extensions_Plus.d[22m
[229/456] [34mBuilding[39m [2msrc/extensions/Relude_Extensions_Ord.d[22m
[230/456] [34mBuilding[39m [2msrc/extensions/Relude_Extensions_Align.reast[22m
[231/456] [34mBuilding[39m [2msrc/extensions/Relude_Extensions_Ring.d[22m
[232/456] [34mBuilding[39m [2msrc/extensions/Relude_Extensions_Apply.reast[22m
[233/456] [34mBuilding[39m [2msrc/extensions/Relude_Extensions_Show.d[22m
[234/456] [34mBuilding[39m [2msrc/extensions/Relude_Extensions_Alt.cmj[22m
[235/456] [34mBuilding[39m [2msrc/extensions/Relude_Extensions_Plus.cmj[22m
[236/456] [34mBuilding[39m [2msrc/extensions/Relude_Extensions_Align.d[22m
[237/456] [34mBuilding[39m [2msrc/extensions/Relude_Extensions_Monad.reast[22m
[238/456] [34mBuilding[39m [2msrc/extensions/Relude_Extensions_Extend.reast[22m
[239/456] [34mBuilding[39m [2msrc/extensions/Relude_Extensions_Ring.cmj[22m
[240/456] [34mBuilding[39m [2msrc/extensions/Relude_Extensions_Apply.d[22m
[241/456] [34mBuilding[39m [2msrc/extensions/Relude_Extensions_Monoid.reast[22m
[242/456] [34mBuilding[39m [2msrc/extensions/Relude_Extensions_Show.cmj[22m
[243/456] [34mBuilding[39m [2msrc/extensions/Relude_Extensions_Monad.d[22m
[244/456] [34mBuilding[39m [2msrc/extensions/Relude_Extensions_Extend.d[22m
[245/456] [34mBuilding[39m [2msrc/extensions/Relude_Extensions_Monoid.d[22m
[246/456] [34mBuilding[39m [2msrc/extensions/Relude_Extensions_Bounded.reast[22m
[247/456] [34mBuilding[39m [2msrc/extensions/Relude_Extensions_Bounded.d[22m
[248/456] [34mBuilding[39m [2msrc/extensions/Relude_Extensions_Comonad.reast[22m
[249/456] [34mBuilding[39m [2msrc/extensions/Relude_Extensions_Monad.cmj[22m
[250/456] [34mBuilding[39m [2msrc/extensions/Relude_Extensions_Extend.cmj[22m
[251/456] [34mBuilding[39m [2msrc/extensions/Relude_Extensions_Functor.reast[22m
[252/456] [34mBuilding[39m [2msrc/extensions/Relude_Extensions_Apply.cmj[22m
[253/456] [34mBuilding[39m [2msrc/extensions/Relude_Extensions_Monoid.cmj[22m
[254/456] [34mBuilding[39m [2msrc/extensions/Relude_Extensions_Comonad.d[22m
[255/456] [34mBuilding[39m [2msrc/extensions/Relude_Extensions_Functor.d[22m
[256/456] [34mBuilding[39m [2msrc/extensions/Relude_Extensions_Foldable.reast[22m
[257/456] [34mBuilding[39m [2msrc/extensions/Relude_Extensions_Semiring.reast[22m
[258/456] [34mBuilding[39m [2msrc/extensions/Relude_Extensions_Bounded.cmj[22m
[259/456] [34mBuilding[39m [2msrc/extensions/Relude_Extensions_Bifunctor.reast[22m
[260/456] [34mBuilding[39m [2msrc/extensions/Relude_Extensions_Foldable.d[22m
[261/456] [34mBuilding[39m [2msrc/extensions/Relude_Extensions_Semiring.d[22m
[262/456] [34mBuilding[39m [2msrc/extensions/Relude_Extensions_Bifunctor.d[22m
[263/456] [34mBuilding[39m [2msrc/extensions/Relude_Extensions_Comonad.cmj[22m
[264/456] [34mBuilding[39m [2msrc/extensions/Relude_Extensions_Semialign.reast[22m
[265/456] [34mBuilding[39m [2msrc/extensions/Relude_Extensions_Semiring.cmj[22m
[266/456] [34mBuilding[39m [2msrc/extensions/Relude_Extensions_MonoidAny.reast[22m
[267/456] [34mBuilding[39m [2msrc/extensions/Relude_Extensions_Functor.cmj[22m
[268/456] [34mBuilding[39m [2msrc/extensions/Relude_Extensions_Bifunctor.cmj[22m
[269/456] [34mBuilding[39m [2msrc/extensions/Relude_Extensions_Semigroup.reast[22m
[270/456] [34mBuilding[39m [2msrc/extensions/Relude_Extensions_Bifoldable.reast[22m
[271/456] [34mBuilding[39m [2msrc/extensions/Relude_Extensions_Semialign.d[22m
[272/456] [34mBuilding[39m [2msrc/extensions/Relude_Extensions_MonoidAny.d[22m
[273/456] [34mBuilding[39m [2msrc/extensions/Relude_Extensions_Semigroup.d[22m
[274/456] [34mBuilding[39m [2msrc/extensions/Relude_Extensions_MonadError.reast[22m
[275/456] [34mBuilding[39m [2msrc/extensions/Relude_Extensions_Bifoldable.d[22m
[276/456] [34mBuilding[39m [2msrc/extensions/Relude_Extensions_MonadThrow.reast[22m
[277/456] [34mBuilding[39m [2msrc/extensions/Relude_Extensions_Unfoldable.reast[22m
[278/456] [34mBuilding[39m [2msrc/extensions/Relude_Extensions_MonadError.d[22m
[279/456] [34mBuilding[39m [2msrc/extensions/Relude_Extensions_Semigroup.cmj[22m
[280/456] [34mBuilding[39m [2msrc/extensions/Relude_Extensions_MonoidAny.cmj[22m
[281/456] [34mBuilding[39m [2msrc/extensions/Relude_Extensions_MonadThrow.d[22m
[282/456] [34mBuilding[39m [2msrc/extensions/Relude_Extensions_Bifoldable.cmj[22m
[283/456] [34mBuilding[39m [2msrc/extensions/Relude_Extensions_Unfoldable.d[22m
[284/456] [34mBuilding[39m [2msrc/extensions/Relude_Extensions_Alternative.reast[22m
[285/456] [34mBuilding[39m [2msrc/extensions/Relude_Extensions_Applicative.reast[22m
[286/456] [34mBuilding[39m [2msrc/extensions/Relude_Extensions_BoundedEnum.reast[22m
[287/456] [34mBuilding[39m [2msrc/extensions/Relude_Extensions_Traversable.reast[22m
[288/456] [34mBuilding[39m [2msrc/extensions/Relude_Extensions_Alternative.d[22m
[289/456] [34mBuilding[39m [2msrc/extensions/Relude_Extensions_Applicative.d[22m
[290/456] [34mBuilding[39m [2msrc/extensions/Relude_Extensions_Unfoldable.cmj[22m
[291/456] [34mBuilding[39m [2msrc/extensions/Relude_Extensions_BoundedEnum.d[22m
[292/456] [34mBuilding[39m [2msrc/extensions/Relude_Extensions_Traversable.d[22m
[293/456] [34mBuilding[39m [2msrc/extensions/Relude_Extensions_SemigroupAny.reast[22m
[294/456] [34mBuilding[39m [2msrc/extensions/Relude_Extensions_Semigroupoid.reast[22m
[295/456] [34mBuilding[39m [2msrc/extensions/Relude_Extensions_Alternative.cmj[22m
[296/456] [34mBuilding[39m [2msrc/extensions/Relude_Extensions_Bitraversable.reast[22m
[297/456] [34mBuilding[39m [2msrc/extensions/Relude_Extensions_Traversable.cmj[22m
[298/456] [34mBuilding[39m [2msrc/extensions/Relude_Extensions_Contravariant.reast[22m
[299/456] [34mBuilding[39m [2msrc/extensions/Relude_Extensions_Applicative.cmj[22m
[300/456] [34mBuilding[39m [2msrc/extensions/Relude_Extensions_SemigroupAny.d[22m
[301/456] [34mBuilding[39m [2msrc/extensions/Relude_Extensions_Semigroupoid.d[22m
[302/456] [34mBuilding[39m [2msrc/extensions/Relude_Extensions_Bitraversable.d[22m
[303/456] [34mBuilding[39m [2msrc/extensions/Relude_Extensions_Contravariant.d[22m
[304/456] [34mBuilding[39m [2msrc/option/Relude_Option_Base.reast[22m
[305/456] [34mBuilding[39m [2msrc/option/Relude_Option_Instances.reast[22m
[306/456] [34mBuilding[39m [2msrc/option/Relude_Option_Specializations.reast[22m
[307/456] [34mBuilding[39m [2msrc/Relude_Identity.cmj[22m
[308/456] [34mBuilding[39m [2msrc/extensions/Relude_Extensions_SemigroupAny.cmj[22m
[309/456] [34mBuilding[39m [2msrc/extensions/Relude_Extensions_Semigroupoid.cmj[22m
[310/456] [34mBuilding[39m [2msrc/option/Relude_Option_Base.d[22m
[311/456] [34mBuilding[39m [2msrc/option/Relude_Option_Instances.d[22m
[312/456] [34mBuilding[39m [2msrc/ior/Relude_Ior_Type.reast[22m
[313/456] [34mBuilding[39m [2msrc/js/Relude_Js.reast[22m
[314/456] [34mBuilding[39m [2msrc/extensions/Relude_Extensions_Bitraversable.cmj[22m
[315/456] [34mBuilding[39m [2msrc/option/Relude_Option_Specializations.d[22m
[316/456] [34mBuilding[39m [2msrc/Relude_Function.cmj[22m
[317/456] [34mBuilding[39m [2msrc/extensions/Relude_Extensions_Contravariant.cmj[22m
[318/456] [34mBuilding[39m [2msrc/Relude_AsyncData.cmj[22m
[319/456] [34mBuilding[39m [2msrc/Relude_Free_Monad.cmj[22m
[320/456] [34mBuilding[39m [2msrc/ior/Relude_Ior_Type.d[22m
[321/456] [34mBuilding[39m [2msrc/js/Relude_Js.d[22m
[322/456] [34mBuilding[39m [2msrc/ior/Relude_Ior_Type.cmj[22m
[323/456] [34mBuilding[39m [2msrc/Relude_Ord.cmj[22m
[324/456] [34mBuilding[39m [2msrc/js/Relude_Js_Exn.reast[22m
[325/456] [34mBuilding[39m [2msrc/js/Relude_Js_Console.reast[22m
[326/456] [34mBuilding[39m [2msrc/js/Relude_Js_Promise.reast[22m
[327/456] [34mBuilding[39m [2msrc/js/Relude_Js_Animation.reast[22m
[328/456] [34mBuilding[39m [2msrc/Relude_Interface.cmj[22m
[329/456] [34mBuilding[39m [2msrc/js/Relude_Js_Exn.d[22m
[330/456] [34mBuilding[39m [2msrc/js/Relude_Js_Console.d[22m
[331/456] [34mBuilding[39m [2msrc/js/Relude_Js_Promise.d[22m
[332/456] [34mBuilding[39m [2msrc/js/Relude_Js_Animation.d[22m
[333/456] [34mBuilding[39m [2msrc/extensions/Relude_Extensions_Foldable.cmj[22m
[334/456] [34mBuilding[39m [2msrc/js/Relude_Js_Json.reast[22m
[335/456] [34mBuilding[39m [2msrc/array/Relude_Array_Base.reast[22m
[336/456] [34mBuilding[39m [2msrc/extensions/Relude_Extensions_Align.cmj[22m
[337/456] [34mBuilding[39m [2msrc/extensions/Relude_Extensions_Semialign.cmj[22m
[338/456] [34mBuilding[39m [2msrc/extensions/Relude_Extensions_Eq.cmj[22m
[339/456] [34mBuilding[39m [2msrc/extensions/Relude_Extensions_Enum.cmj[22m
[340/456] [34mBuilding[39m [2msrc/extensions/Relude_Extensions_MonadError.cmj[22m
[341/456] [34mBuilding[39m [2msrc/Relude_Free_Applicative.cmj[22m
[342/456] [34mBuilding[39m [2msrc/js/Relude_Js_Json.d[22m
[343/456] [34mBuilding[39m [2msrc/extensions/Relude_Extensions_MonadThrow.cmj[22m
[344/456] [34mBuilding[39m [2msrc/js/Relude_Js_Exn.cmj[22m
[345/456] [34mBuilding[39m [2msrc/js/Relude_Js_Animation.cmj[22m
[346/456] [34mBuilding[39m [2msrc/array/Relude_Array_Base.d[22m
[347/456] [34mBuilding[39m [2msrc/Relude_Free.cmj[22m
[348/456] [34mBuilding[39m [2msrc/Relude_StateT.cmj[22m
[349/456] [34mBuilding[39m [2msrc/extensions/Relude_Extensions_Ord.cmj[22m
[350/456] [34mBuilding[39m [2msrc/list/Relude_List_Instances.cmj[22m
[351/456] [34mBuilding[39m [2m__tests__/js/Relude_Js_Exn_test.cmj[22m
[352/456] [34mBuilding[39m [2msrc/Relude_ReaderT.cmj[22m
[353/456] [34mBuilding[39m [2msrc/option/Relude_Option_Instances.cmj[22m
[354/456] [34mBuilding[39m [2msrc/Relude_Float.cmj[22m
[355/456] [34mBuilding[39m [2msrc/array/Relude_Array_Instances.reast[22m
[356/456] [34mBuilding[39m [2msrc/array/Relude_Array_Specializations.reast[22m
[357/456] [34mBuilding[39m [2msrc/option/Relude_Option_Base.cmj[22m
[358/456] [34mBuilding[39m [2msrc/array/Relude_Array_Instances.d[22m
[359/456] [34mBuilding[39m [2msrc/array/Relude_Array_Specializations.d[22m
[360/456] [34mBuilding[39m [2msrc/extensions/Relude_Extensions_BoundedEnum.cmj[22m
[361/456] [34mBuilding[39m [2msrc/extensions/Relude_Extensions.cmj[22m
[362/456] [34mBuilding[39m [2msrc/Relude_Unit.cmj[22m
[363/456] [34mBuilding[39m [2msrc/Relude_Ordering.cmj[22m
[364/456] [34mBuilding[39m [2msrc/Relude_Bool.cmj[22m
[365/456] [34mBuilding[39m [2msrc/array/Relude_Array_Instances.cmj[22m
[366/456] [34mBuilding[39m [2msrc/Relude_Set.cmj[22m
[367/456] [34mBuilding[39m [2msrc/list/Relude_List_Base.cmj[22m
[368/456] [34mBuilding[39m [2msrc/Relude_Map.cmj[22m
[369/456] [34mBuilding[39m [2msrc/Relude_ContT.cmj[22m
[370/456] [34mBuilding[39m [2msrc/Relude_Int.cmj[22m
[371/456] [34mBuilding[39m [2m__tests__/Relude_Identity_test.cmj[22m
[372/456] [34mBuilding[39m [2m__tests__/Relude_Int_test.cmj[22m
[373/456] [34mBuilding[39m [2msrc/array/Relude_Array_Base.cmj[22m
[374/456] [34mBuilding[39m [2msrc/Relude_Sequence.cmj[22m
[375/456] [34mBuilding[39m [2msrc/Relude_String.cmj[22m
[376/456] [34mBuilding[39m [2msrc/Relude_StringMap.cmj[22m
[377/456] [34mBuilding[39m [2msrc/Relude_NonEmpty.cmj[22m
[378/456] [34mBuilding[39m [2msrc/Relude_Validation.cmj[22m
[379/456] [34mBuilding[39m [2msrc/Relude_Result.cmj[22m
[380/456] [34mBuilding[39m [2msrc/Relude_ResultT.cmj[22m
[381/456] [34mBuilding[39m [2msrc/Relude_AsyncResult.cmj[22m
[382/456] [34mBuilding[39m [2msrc/Relude_IO.cmj[22m
[383/456] [34mBuilding[39m [2msrc/js/Relude_Js_Console.cmj[22m
[384/456] [34mBuilding[39m [2msrc/js/Relude_Js_Promise.cmj[22m
[385/456] [34mBuilding[39m [2msrc/option/Relude_Option_Specializations.cmj[22m
[386/456] [34mBuilding[39m [2m__tests__/js/Relude_Js_Promise_test.cmj[22m
[387/456] [34mBuilding[39m [2msrc/Relude_Option.cmj[22m
[388/456] [34mBuilding[39m [2msrc/Relude_Timer.cmj[22m
[389/456] [34mBuilding[39m [2msrc/Relude_Debounce.cmj[22m
[390/456] [34mBuilding[39m [2msrc/Relude_Throttle.cmj[22m
[391/456] [34mBuilding[39m [2m__tests__/testUtils/FS.cmj[22m
[392/456] [34mBuilding[39m [2msrc/Relude_RIO.cmj[22m
[393/456] [34mBuilding[39m [2m__tests__/Relude_Timer_test.cmj[22m
[394/456] [34mBuilding[39m [2msrc/Relude_OptionT.cmj[22m
[395/456] [34mBuilding[39m [2m__tests__/Relude_Debounce_test.cmj[22m
[396/456] [34mBuilding[39m [2m__tests__/Relude_Validation_test.cmj[22m
[397/456] [34mBuilding[39m [2msrc/array/Relude_Array_Specializations.cmj[22m
[398/456] [34mBuilding[39m [2msrc/list/Relude_List_Specializations.cmj[22m
[399/456] [34mBuilding[39m [2msrc/Relude_Array.cmj[22m
[400/456] [34mBuilding[39m [2msrc/Relude_List.cmj[22m
[401/456] [34mBuilding[39m [2msrc/Relude_Decimal.cmj[22m
[402/456] [34mBuilding[39m [2msrc/Relude_Tuple3.cmj[22m
[403/456] [34mBuilding[39m [2msrc/Relude_Tuple2.cmj[22m
[404/456] [34mBuilding[39m [2msrc/Relude_Tuple4.cmj[22m
[405/456] [34mBuilding[39m [2msrc/Relude_Tuple5.cmj[22m
[406/456] [34mBuilding[39m [2m__tests__/Relude_String_test.cmj[22m
[407/456] [34mBuilding[39m [2msrc/Relude_Ior.cmj[22m
[408/456] [34mBuilding[39m [2msrc/Relude_Tuple.cmj[22m
[409/456] [34mBuilding[39m [2msrc/Relude_Tree.cmj[22m
[410/456] [34mBuilding[39m [2msrc/Relude_WriterT.cmj[22m
[411/456] [34mBuilding[39m [2msrc/Relude_SequenceZipper.cmj[22m
[412/456] [34mBuilding[39m [2m__tests__/Relude_Ior_test.cmj[22m
[413/456] [34mBuilding[39m [2msrc/Relude_RWST.cmj[22m
[414/456] [34mBuilding[39m [2msrc/js/Relude_Js_Json.cmj[22m
[415/456] [34mBuilding[39m [2msrc/Relude_TreeZipper.cmj[22m
[416/456] [34mBuilding[39m [2msrc/js/Relude_Js.cmj[22m
[417/456] [34mBuilding[39m [2msrc/Relude_ArrayZipper.cmj[22m
[418/456] [34mBuilding[39m [2msrc/Relude_ListZipper.cmj[22m
[419/456] [34mBuilding[39m [2msrc/Relude_Globals.cmj[22m
[420/456] [34mBuilding[39m [2msrc/Relude.cmj[22m
[421/456] [34mBuilding[39m [2m__tests__/Relude_Bool_test.cmj[22m
[422/456] [34mBuilding[39m [2m__tests__/Relude_Unit_test.cmj[22m
[423/456] [34mBuilding[39m [2m__tests__/Relude_Eq_test.cmj[22m
[424/456] [34mBuilding[39m [2m__tests__/Relude_HMap_test.cmj[22m
[425/456] [34mBuilding[39m [2m__tests__/Relude_Ord_test.cmj[22m
[426/456] [34mBuilding[39m [2m__tests__/Relude_Map_test.cmj[22m
[427/456] [34mBuilding[39m [2m__tests__/Relude_HList_test.cmj[22m
[428/456] [34mBuilding[39m [2m__tests__/Relude_Float_test.cmj[22m
[429/456] [34mBuilding[39m [2m__tests__/Relude_Tree_test.cmj[22m
[430/456] [34mBuilding[39m [2m__tests__/Relude_RIO_test.cmj[22m
[431/456] [34mBuilding[39m [2m__tests__/Relude_Decimal_test.cmj[22m
[432/456] [34mBuilding[39m [2m__tests__/Relude_Option_test.cmj[22m
[433/456] [34mBuilding[39m [2m__tests__/Relude_Tuple_test.cmj[22m
[434/456] [34mBuilding[39m [2m__tests__/Relude_StateT_test.cmj[22m
[435/456] [34mBuilding[39m [2m__tests__/Relude_Array_test.cmj[22m
[436/456] [34mBuilding[39m [2m__tests__/Relude_OptionT_test.cmj[22m
[437/456] [34mBuilding[39m [2m__tests__/Relude_WriterT_test.cmj[22m
[438/456] [34mBuilding[39m [2m__tests__/Relude_List_test.cmj[22m
[439/456] [34mBuilding[39m [2m__tests__/Relude_Function_test.cmj[22m
[440/456] [34mBuilding[39m [2m__tests__/Relude_Throttle_test.cmj[22m
[441/456] [34mBuilding[39m [2m__tests__/Relude_ContT_test.cmj[22m
[442/456] [34mBuilding[39m [2m__tests__/Relude_NonEmpty_test.cmj[22m
[443/456] [34mBuilding[39m [2m__tests__/Relude_ResultT_test.cmj[22m
[444/456] [34mBuilding[39m [2m__tests__/Relude_ReaderT_test.cmj[22m
[445/456] [34mBuilding[39m [2m__tests__/Relude_Result_test.cmj[22m
[446/456] [34mBuilding[39m [2m__tests__/Relude_AsyncData_test.cmj[22m
[447/456] [34mBuilding[39m [2m__tests__/extensions/Relude_Extensions_Eq_test.cmj[22m
[448/456] [34mBuilding[39m [2m__tests__/extensions/Relude_Extensions_Ord_test.cmj[22m
[449/456] [34mBuilding[39m [2m__tests__/extensions/Relude_Extensions_Enum_test.cmj[22m
[450/456] [34mBuilding[39m [2m__tests__/Relude_Free_Monad_test.cmj[22m
[451/456] [34mBuilding[39m [2m__tests__/Relude_Free_Applicative_test.cmj[22m
[452/456] [34mBuilding[39m [2m__tests__/Relude_TreeZipper_test.cmj[22m
[453/456] [34mBuilding[39m [2m__tests__/js/Relude_Js_Json_test.cmj[22m
[454/456] [34mBuilding[39m [2m__tests__/Relude_AsyncResult_test.cmj[22m
[455/456] [34mBuilding[39m [2m__tests__/Relude_ListZipper_test.cmj[22m
[456/456] [34mBuilding[39m [2m__tests__/Relude_IO_test.cmj[22m
